빌드 시작: 2015-11-22 오후 6:59:34
     1>2 노드의 "C:\Users\JSpiner\Documents\Visual Studio 2010\Projects\algorithm3\algorithm3\algorithm3.vcxproj" 프로젝트(build 대상)입니다.
     1>InitializeBuildStatus:
         "AlwaysCreate"이(가) 지정되었기 때문에 "Debug\algorithm3.unsuccessfulbuild"을(를) 만들고 있습니다.
       ClCompile:
         D:\visual studio 2010\VC\bin\CL.exe /c /ZI /nologo /W3 /WX- /Od /Oy- /D WIN32 /D _DEBUG /D _CONSOLE /D _UNICODE /D UNICODE /Gm /EHsc /RTC1 /MDd /GS /fp:precise /Zc:wchar_t /Zc:forScope /Fo"Debug\\" /Fd"Debug\vc100.pdb" /Gd /TP /analyze- /errorReport:prompt main.cpp
         main.cpp
     1>c:\users\jspiner\documents\visual studio 2010\projects\algorithm3\algorithm3\main.cpp(216): warning C4996: 'scanf': This function or variable may be unsafe. Consider using scanf_s instead. To disable deprecation, use _CRT_SECURE_NO_WARNINGS. See online help for details.
                 d:\visual studio 2010\vc\include\stdio.h(304) : 'scanf' 선언을 참조하십시오.
     1>c:\users\jspiner\documents\visual studio 2010\projects\algorithm3\algorithm3\main.cpp(226): warning C4996: 'scanf': This function or variable may be unsafe. Consider using scanf_s instead. To disable deprecation, use _CRT_SECURE_NO_WARNINGS. See online help for details.
                 d:\visual studio 2010\vc\include\stdio.h(304) : 'scanf' 선언을 참조하십시오.
       Link:
         D:\visual studio 2010\VC\bin\link.exe /ERRORREPORT:PROMPT /OUT:"C:\Users\JSpiner\Documents\Visual Studio 2010\Projects\algorithm3\Debug\algorithm3.exe" /INCREMENTAL /NOLOGO kernel32.lib user32.lib gdi32.lib winspool.lib comdlg32.lib advapi32.lib shell32.lib ole32.lib oleaut32.lib uuid.lib odbc32.lib odbccp32.lib /MANIFEST /ManifestFile:"Debug\algorithm3.exe.intermediate.manifest" /MANIFESTUAC:"level='asInvoker' uiAccess='false'" /DEBUG /PDB:"C:\Users\JSpiner\Documents\Visual Studio 2010\Projects\algorithm3\Debug\algorithm3.pdb" /SUBSYSTEM:CONSOLE /TLBID:1 /DYNAMICBASE /NXCOMPAT /IMPLIB:"C:\Users\JSpiner\Documents\Visual Studio 2010\Projects\algorithm3\Debug\algorithm3.lib" /MACHINE:X86 Debug\main.obj
         algorithm3.vcxproj -> C:\Users\JSpiner\Documents\Visual Studio 2010\Projects\algorithm3\Debug\algorithm3.exe
       Manifest:
         C:\Program Files (x86)\Microsoft SDKs\Windows\v7.0A\bin\mt.exe /nologo /verbose /out:"C:\Users\JSpiner\Documents\Visual Studio 2010\Projects\algorithm3\Debug\algorithm3.exe.manifest" /manifest Debug\algorithm3.exe.intermediate.manifest
       FinalizeBuildStatus:
         "Debug\algorithm3.unsuccessfulbuild" 파일을 삭제하고 있습니다.
         "Debug\algorithm3.lastbuildstate"에 연결(touching)하고 있습니다.
     1>"C:\Users\JSpiner\Documents\Visual Studio 2010\Projects\algorithm3\algorithm3\algorithm3.vcxproj" 프로젝트를 빌드했습니다(build 대상).

빌드했습니다.

경과 시간: 00:00:00.39
